<?xml version="1.0" encoding="UTF-8"?>
<testsuite xmlns:xsi="http://www.w3.org/2001/XMLSchema-instance" xsi:noNamespaceSchemaLocation="https://maven.apache.org/surefire/maven-surefire-plugin/xsd/surefire-test-report-3.0.xsd" version="3.0" name="HttpRequestParserTest" time="0.012" tests="4" errors="0" skipped="0" failures="0">
  <properties>
[...]
</properties>
  <testcase name="give_httpGetRequest_then_parseMethod" classname="HttpRequestParserTest" time="0.005"/>
  <testcase name="give_httpGetRequest_then_parsePath" classname="HttpRequestParserTest" time="0.001"/>
  <testcase name="give_httpGetRequest_then_parseAuthToken" classname="HttpRequestParserTest" time="0.001"/>
  <testcase name="give_httpGetRequest_then_parseHostHeader" classname="HttpRequestParserTest" time="0.001"/>
</testsuite>